{
  "RSpec": {
    "coverage": {
      "/Users/user/Rails/ticketee/app/models/user.rb": [
        1,
        null,
        null,
        null,
        1,
        null,
        null,
        null,
        null,
        1,
        null,
        null
      ],
      "/Users/user/Rails/ticketee/app/controllers/application_controller.rb": [
        1,
        1,
        null
      ],
      "/Users/user/Rails/ticketee/app/helpers/application_helper.rb": [
        1,
        1,
        0,
        0,
        0,
        null,
        null,
        null,
        null
      ],
      "/Users/user/Rails/ticketee/app/helpers/projects_helper.rb": [
        1,
        null
      ],
      "/Users/user/Rails/ticketee/app/helpers/tickets_helper.rb": [
        1,
        null
      ],
      "/Users/user/Rails/ticketee/app/controllers/projects_controller.rb": [
        1,
        null,
        1,
        null,
        null,
        null,
        1,
        3,
        null,
        null,
        1,
        0,
        null,
        null,
        1,
        0,
        0,
        0,
        0,
        null,
        0,
        0,
        null,
        null,
        null,
        1,
        0,
        null,
        null,
        1,
        0,
        null,
        null,
        1,
        0,
        0,
        0,
        0,
        null,
        0,
        0,
        null,
        null,
        null,
        1,
        0,
        0,
        0,
        0,
        null,
        1,
        1,
        0,
        null,
        0,
        null,
        0,
        null,
        null
      ],
      "/Users/user/Rails/ticketee/app/models/project.rb": [
        1,
        1,
        null,
        1,
        null,
        1,
        null
      ],
      "/Users/user/Rails/ticketee/app/controllers/tickets_controller.rb": [
        1,
        1,
        1,
        1,
        null,
        1,
        0,
        null,
        null,
        1,
        0,
        0,
        0,
        0,
        0,
        null,
        0,
        0,
        null,
        null,
        null,
        1,
        null,
        null,
        null,
        1,
        0,
        0,
        0,
        null,
        null,
        1,
        0,
        0,
        0,
        null,
        0,
        0,
        null,
        null,
        null,
        1,
        1,
        0,
        null,
        null,
        1,
        0,
        null,
        null
      ],
      "/Users/user/Rails/ticketee/app/models/ticket.rb": [
        1,
        1,
        1,
        1,
        1,
        1,
        null,
        null
      ]
    },
    "timestamp": 1367199366
  }
}
